CardEmulation_V9/Application/build/outputs/logs/manifest-merger-debug-report.txt
-- Merging decision tree log ---
manifest
ADDED from AndroidManifest.xml:18:1
	package
		ADDED from AndroidManifest.xml:19:5
	android:versionName
		ADDED from AndroidManifest.xml:21:5
	android:versionCode
		ADDED from AndroidManifest.xml:20:5
		INJECTED from AndroidManifest.xml:0:0
		INJECTED from AndroidManifest.xml:0:0
	xmlns:android
		ADDED from AndroidManifest.xml:18:11
uses-permission#android.permission.NFC
ADDED from AndroidManifest.xml:26:5
	android:name
		ADDED from AndroidManifest.xml:26:22
uses-permission#android.permission.INTERNET
ADDED from AndroidManifest.xml:27:5
	android:name
		ADDED from AndroidManifest.xml:27:22
uses-feature#android.hardware.nfc
ADDED from AndroidManifest.xml:32:5
	android:required
		ADDED from AndroidManifest.xml:32:56
	android:name
		ADDED from AndroidManifest.xml:32:19
uses-feature#android.hardware.nfc.hce
ADDED from AndroidManifest.xml:33:5
	android:required
		ADDED from AndroidManifest.xml:33:59
	android:name
		ADDED from AndroidManifest.xml:33:19
application
ADDED from AndroidManifest.xml:37:5
MERGED from com.android.support:support-v4:23.0.0:22:5
MERGED from com.android.support:support-v13:23.0.0:22:5
MERGED from com.android.support:support-v4:23.0.0:22:5
MERGED from com.android.support:cardview-v7:23.0.0:22:5
	android:label
		ADDED from AndroidManifest.xml:38:9
	android:allowBackup
		ADDED from AndroidManifest.xml:37:18
	android:icon
		ADDED from AndroidManifest.xml:39:9
	android:theme
		ADDED from AndroidManifest.xml:40:9
activity#com.example.android.cardemulation.MainActivity
ADDED from AndroidManifest.xml:43:9
	android:label
		ADDED from AndroidManifest.xml:44:19
	android:name
		ADDED from AndroidManifest.xml:43:19
intent-filter#android.intent.action.MAIN+android.intent.category.LAUNCHER
ADDED from AndroidManifest.xml:45:13
action#android.intent.action.MAIN
ADDED from AndroidManifest.xml:46:17
	android:name
		ADDED from AndroidManifest.xml:46:25
category#android.intent.category.LAUNCHER
ADDED from AndroidManifest.xml:47:17
	android:name
		ADDED from AndroidManifest.xml:47:27
intent-filter#android.intent.category.DEFAULT+android.nfc.action.NDEF_DISCOVERED
ADDED from AndroidManifest.xml:50:13
action#android.nfc.action.NDEF_DISCOVERED
ADDED from AndroidManifest.xml:51:17
	android:name
		ADDED from AndroidManifest.xml:51:25
category#android.intent.category.DEFAULT
ADDED from AndroidManifest.xml:52:17
	android:name
		ADDED from AndroidManifest.xml:52:27
data
ADDED from AndroidManifest.xml:53:17
	android:mimeType
		ADDED from AndroidManifest.xml:53:23
service#com.example.android.cardemulation.CardService
ADDED from AndroidManifest.xml:60:9
	android:exported
		ADDED from AndroidManifest.xml:61:18
	android:permission
		ADDED from AndroidManifest.xml:62:18
	android:name
		ADDED from AndroidManifest.xml:60:18
intent-filter#android.intent.category.DEFAULT+android.nfc.cardemulation.action.HOST_APDU_SERVICE
ADDED from AndroidManifest.xml:64:13
action#android.nfc.cardemulation.action.HOST_APDU_SERVICE
ADDED from AndroidManifest.xml:65:17
	android:name
		ADDED from AndroidManifest.xml:65:25
meta-data#android.nfc.cardemulation.host_apdu_service
ADDED from AndroidManifest.xml:70:13
	android:resource
		ADDED from AndroidManifest.xml:71:24
	android:name
		ADDED from AndroidManifest.xml:70:24
uses-sdk
INJECTED from AndroidManifest.xml:0:0 reason: use-sdk injection requested
MERGED from com.android.support:support-v4:23.0.0:20:5
MERGED from com.android.support:support-v13:23.0.0:20:5
MERGED from com.android.support:support-v4:23.0.0:20:5
MERGED from com.android.support:cardview-v7:23.0.0:20:5
	android:targetSdkVersion
		INJECTED from AndroidManifest.xml:0:0
		INJECTED from AndroidManifest.xml:0:0
	android:minSdkVersion
		INJECTED from AndroidManifest.xml:0:0
		INJECTED from AndroidManifest.xml:0:0